<?xml version="1.0" encoding="UTF-8"?>
<!-- Generated by org.testng.reporters.JUnitXMLReporter -->
<testsuite ignored="0" hostname="Resh" failures="0" tests="3" name="LoginTest" time="29.708" errors="0" timestamp="2024-11-13T16:23:47 IST">
  <testcase classname="com.OrangeHrm.Testcases.LoginPageTest" name="ValidateUrl" time="0.035"/>
  <testcase classname="com.OrangeHrm.Testcases.LoginPageTest" name="ValidateTitle" time="0.017"/>
  <testcase classname="com.OrangeHrm.Testcases.LoginPageTest" name="ValidateLogin" time="2.025"/>
</testsuite> <!-- LoginTest -->
