<?xml version="1.0" encoding="UTF-8"?>
<!-- Generated by org.testng.reporters.JUnitXMLReporter -->
<testsuite ignored="0" hostname="Resh" failures="0" tests="3" name="Test" time="18.889" errors="0" timestamp="2024-11-10T22:05:52 IST">
  <testcase classname="com.OrangeHrm.Testcases.LoginPageTest" name="ValidateUrl" time="0.035"/>
  <testcase classname="com.OrangeHrm.Testcases.LoginPageTest" name="ValidateTitle" time="0.015"/>
  <testcase classname="com.OrangeHrm.Testcases.LoginPageTest" name="ValidateLogin" time="2.046"/>
</testsuite> <!-- Test -->
