<?xml version="1.0" encoding="UTF-8"?>
<testng-results ignored="0" total="7" passed="7" failed="0" skipped="0">
  <reporter-output>
  </reporter-output>
  <suite started-at="2024-11-13T16:23:17 IST" name="Suite" finished-at="2024-11-13T16:24:30 IST" duration-ms="73217">
    <groups>
    </groups>
    <test started-at="2024-11-13T16:23:17 IST" name="LoginTest" finished-at="2024-11-13T16:23:46 IST" duration-ms="29708">
      <class name="com.OrangeHrm.Testcases.LoginPageTest">
        <test-method is-config="true" signature="Setup()[pri:0, instance:com.OrangeHrm.Testcases.LoginPageTest@6025e1b6]" started-at="2024-11-13T16:23:17 IST" name="Setup" finished-at="2024-11-13T16:23:44 IST" duration-ms="27510" status="PASS">
          <reporter-output>
          </reporter-output>
        </test-method> <!-- Setup -->
        <test-method signature="ValidateUrl()[pri:1, instance:com.OrangeHrm.Testcases.LoginPageTest@6025e1b6]" started-at="2024-11-13T16:23:44 IST" name="ValidateUrl" finished-at="2024-11-13T16:23:44 IST" duration-ms="35" status="PASS">
          <reporter-output>
          </reporter-output>
        </test-method> <!-- ValidateUrl -->
        <test-method signature="ValidateTitle()[pri:2, instance:com.OrangeHrm.Testcases.LoginPageTest@6025e1b6]" started-at="2024-11-13T16:23:44 IST" name="ValidateTitle" finished-at="2024-11-13T16:23:44 IST" duration-ms="17" status="PASS">
          <reporter-output>
          </reporter-output>
        </test-method> <!-- ValidateTitle -->
        <test-method signature="ValidateLogin()[pri:3, instance:com.OrangeHrm.Testcases.LoginPageTest@6025e1b6]" started-at="2024-11-13T16:23:44 IST" name="ValidateLogin" finished-at="2024-11-13T16:23:46 IST" duration-ms="2025" status="PASS">
          <reporter-output>
          </reporter-output>
        </test-method> <!-- ValidateLogin -->
      </class> <!-- com.OrangeHrm.Testcases.LoginPageTest -->
    </test> <!-- LoginTest -->
    <test started-at="2024-11-13T16:23:47 IST" name="AdminTest" finished-at="2024-11-13T16:24:30 IST" duration-ms="42474">
      <class name="com.OrangeHrm.Testcases.AdminPageTest">
        <test-method is-config="true" signature="Setup()[pri:0, instance:com.OrangeHrm.Testcases.AdminPageTest@fa4c865]" started-at="2024-11-13T16:23:47 IST" name="Setup" finished-at="2024-11-13T16:24:08 IST" duration-ms="20328" status="PASS">
          <reporter-output>
          </reporter-output>
        </test-method> <!-- Setup -->
        <test-method is-config="true" signature="pageSetup()[pri:0, instance:com.OrangeHrm.Testcases.AdminPageTest@fa4c865]" started-at="2024-11-13T16:24:08 IST" name="pageSetup" finished-at="2024-11-13T16:24:18 IST" duration-ms="9880" status="PASS">
          <reporter-output>
          </reporter-output>
        </test-method> <!-- pageSetup -->
        <test-method signature="ValidateSize_and_ClickingOnAdmin()[pri:1, instance:com.OrangeHrm.Testcases.AdminPageTest@fa4c865]" started-at="2024-11-13T16:24:18 IST" name="ValidateSize_and_ClickingOnAdmin" finished-at="2024-11-13T16:24:22 IST" duration-ms="4741" status="PASS">
          <reporter-output>
          </reporter-output>
        </test-method> <!-- ValidateSize_and_ClickingOnAdmin -->
        <test-method signature="Validate_searchByUserName()[pri:2, instance:com.OrangeHrm.Testcases.AdminPageTest@fa4c865]" started-at="2024-11-13T16:24:22 IST" name="Validate_searchByUserName" finished-at="2024-11-13T16:24:25 IST" duration-ms="3145" status="PASS">
          <reporter-output>
          </reporter-output>
        </test-method> <!-- Validate_searchByUserName -->
        <test-method signature="Validate_searchByUserRole()[pri:3, instance:com.OrangeHrm.Testcases.AdminPageTest@fa4c865]" started-at="2024-11-13T16:24:25 IST" name="Validate_searchByUserRole" finished-at="2024-11-13T16:24:27 IST" duration-ms="1818" status="PASS">
          <reporter-output>
          </reporter-output>
        </test-method> <!-- Validate_searchByUserRole -->
        <test-method signature="Validate_searchByUserStatus()[pri:4, instance:com.OrangeHrm.Testcases.AdminPageTest@fa4c865]" started-at="2024-11-13T16:24:27 IST" name="Validate_searchByUserStatus" finished-at="2024-11-13T16:24:30 IST" duration-ms="2514" status="PASS">
          <reporter-output>
          </reporter-output>
        </test-method> <!-- Validate_searchByUserStatus -->
      </class> <!-- com.OrangeHrm.Testcases.AdminPageTest -->
    </test> <!-- AdminTest -->
  </suite> <!-- Suite -->
</testng-results>
